<?xml version='1.0' encoding='UTF-8'?>
<testsuite hostname="DESKTOP-IAFOK23" name="reddit.RedditParserTest" tests="6" errors="0" failures="0" skipped="0" time="0.345" timestamp="2026-04-09T22:01:45">
          <properties>
[...]
</properties>
          <testcase classname="reddit.RedditParserTest" name="parsePosts: should parse valid Reddit JSON" time="0.338">
                      
                    </testcase><testcase classname="reddit.RedditParserTest" name="parsePosts: should handle missing title with fallback" time="0.001">
                      
                    </testcase><testcase classname="reddit.RedditParserTest" name="parsePosts: should handle multiple posts" time="0.002">
                      
                    </testcase><testcase classname="reddit.RedditParserTest" name="parsePosts: should return None for invalid JSON" time="0.001">
                      
                    </testcase><testcase classname="reddit.RedditParserTest" name="parsePosts: should handle posts with special characters" time="0.002">
                      
                    </testcase><testcase classname="reddit.RedditParserTest" name="parsePosts: should preserve score field" time="0.001">
                      
                    </testcase>
          <system-out><![CDATA[]]></system-out>
          <system-err><![CDATA[]]></system-err>
        </testsuite>